<?xml version="1.0" encoding="UTF-8"?>
<!-- Generated by org.testng.reporters.JUnitXMLReporter -->
<testsuite ignored="0" hostname="LAPTOP-OFU0FE0K" failures="0" tests="11" name="Test" time="90.708" errors="0" timestamp="2025-09-07T17:40:59 IST">
  <testcase classname="tests.LoginTest" name="verifyCorrectUrlOpened" time="0.036"/>
  <testcase classname="tests.LoginTest" name="verifyLogin" time="8.143"/>
  <testcase classname="tests.LoginTest" name="verifyProductAddAndQuantity" time="10.706"/>
  <testcase classname="tests.LoginTest" name="verifyCartClosedAndOrdersVisible" time="2.184"/>
  <testcase classname="tests.LoginTest" name="verifyAddiPhone12Pro" time="5.294"/>
  <testcase classname="tests.LoginTest" name="verifyCheckout" time="3.238"/>
  <testcase classname="tests.LoginTest" name="verifyAddressPositive" time="11.876"/>
  <testcase classname="tests.LoginTest" name="verifyReceiptAndContinue" time="3.507"/>
  <testcase classname="tests.LoginTest" name="seeorder" time="3.244"/>
  <testcase classname="tests.LoginTest" name="verifyAddToFavourites" time="0.831"/>
  <testcase classname="tests.LoginTest" name="verifyLogout" time="3.278"/>
</testsuite> <!-- Test -->
