<?xml version="1.0" encoding="UTF-8"?>
<testng-results ignored="0" total="11" passed="11" failed="0" skipped="0">
  <reporter-output>
  </reporter-output>
  <suite started-at="2025-09-07T17:39:28 IST" name="Suite" finished-at="2025-09-07T17:40:58 IST" duration-ms="90708">
    <groups>
    </groups>
    <test started-at="2025-09-07T17:39:28 IST" name="Test" finished-at="2025-09-07T17:40:58 IST" duration-ms="90708">
      <class name="tests.LoginTest">
        <test-method is-config="true" signature="setUp()[pri:0, instance:tests.LoginTest@1750fbeb]" started-at="2025-09-07T17:39:28 IST" name="setUp" finished-at="2025-09-07T17:40:03 IST" duration-ms="34532" status="PASS">
          <reporter-output>
          </reporter-output>
        </test-method> <!-- setUp -->
        <test-method is-config="true" signature="setupTest()[pri:0, instance:tests.LoginTest@1750fbeb]" started-at="2025-09-07T17:40:03 IST" name="setupTest" finished-at="2025-09-07T17:40:03 IST" duration-ms="15" status="PASS">
          <reporter-output>
          </reporter-output>
        </test-method> <!-- setupTest -->
        <test-method signature="verifyCorrectUrlOpened()[pri:0, instance:tests.LoginTest@1750fbeb]" started-at="2025-09-07T17:40:03 IST" name="verifyCorrectUrlOpened" finished-at="2025-09-07T17:40:03 IST" duration-ms="36" status="PASS">
          <reporter-output>
          </reporter-output>
        </test-method> <!-- verifyCorrectUrlOpened -->
        <test-method signature="verifyLogin()[pri:1, instance:tests.LoginTest@1750fbeb]" started-at="2025-09-07T17:40:03 IST" name="verifyLogin" finished-at="2025-09-07T17:40:11 IST" duration-ms="8143" status="PASS">
          <reporter-output>
          </reporter-output>
        </test-method> <!-- verifyLogin -->
        <test-method signature="verifyProductAddAndQuantity()[pri:0, instance:tests.LoginTest@1750fbeb]" started-at="2025-09-07T17:40:12 IST" name="verifyProductAddAndQuantity" finished-at="2025-09-07T17:40:22 IST" depends-on-methods="tests.LoginTest.verifyLogin" duration-ms="10706" status="PASS">
          <reporter-output>
          </reporter-output>
        </test-method> <!-- verifyProductAddAndQuantity -->
        <test-method signature="verifyCartClosedAndOrdersVisible()[pri:0, instance:tests.LoginTest@1750fbeb]" started-at="2025-09-07T17:40:23 IST" name="verifyCartClosedAndOrdersVisible" finished-at="2025-09-07T17:40:25 IST" depends-on-methods="tests.LoginTest.verifyProductAddAndQuantity" duration-ms="2184" status="PASS">
          <reporter-output>
          </reporter-output>
        </test-method> <!-- verifyCartClosedAndOrdersVisible -->
        <test-method signature="verifyAddiPhone12Pro()[pri:0, instance:tests.LoginTest@1750fbeb]" started-at="2025-09-07T17:40:25 IST" name="verifyAddiPhone12Pro" finished-at="2025-09-07T17:40:30 IST" depends-on-methods="tests.LoginTest.verifyCartClosedAndOrdersVisible" duration-ms="5294" status="PASS">
          <reporter-output>
          </reporter-output>
        </test-method> <!-- verifyAddiPhone12Pro -->
        <test-method signature="verifyCheckout()[pri:3, instance:tests.LoginTest@1750fbeb]" started-at="2025-09-07T17:40:30 IST" name="verifyCheckout" finished-at="2025-09-07T17:40:34 IST" duration-ms="3238" status="PASS">
          <reporter-output>
          </reporter-output>
        </test-method> <!-- verifyCheckout -->
        <test-method signature="verifyAddressPositive()[pri:4, instance:tests.LoginTest@1750fbeb]" started-at="2025-09-07T17:40:34 IST" name="verifyAddressPositive" finished-at="2025-09-07T17:40:46 IST" duration-ms="11876" status="PASS">
          <reporter-output>
          </reporter-output>
        </test-method> <!-- verifyAddressPositive -->
        <test-method signature="verifyReceiptAndContinue()[pri:5, instance:tests.LoginTest@1750fbeb]" started-at="2025-09-07T17:40:46 IST" name="verifyReceiptAndContinue" finished-at="2025-09-07T17:40:49 IST" duration-ms="3507" status="PASS">
          <reporter-output>
          </reporter-output>
        </test-method> <!-- verifyReceiptAndContinue -->
        <test-method signature="seeorder()[pri:6, instance:tests.LoginTest@1750fbeb]" started-at="2025-09-07T17:40:50 IST" name="seeorder" finished-at="2025-09-07T17:40:53 IST" duration-ms="3244" status="PASS">
          <reporter-output>
          </reporter-output>
        </test-method> <!-- seeorder -->
        <test-method signature="verifyAddToFavourites()[pri:7, instance:tests.LoginTest@1750fbeb]" started-at="2025-09-07T17:40:53 IST" name="verifyAddToFavourites" finished-at="2025-09-07T17:40:54 IST" duration-ms="831" status="PASS">
          <reporter-output>
          </reporter-output>
        </test-method> <!-- verifyAddToFavourites -->
        <test-method signature="verifyLogout()[pri:8, instance:tests.LoginTest@1750fbeb]" started-at="2025-09-07T17:40:54 IST" name="verifyLogout" finished-at="2025-09-07T17:40:57 IST" duration-ms="3278" status="PASS">
          <reporter-output>
          </reporter-output>
        </test-method> <!-- verifyLogout -->
        <test-method is-config="true" signature="tearDown()[pri:0, instance:tests.LoginTest@1750fbeb]" started-at="2025-09-07T17:40:58 IST" name="tearDown" finished-at="2025-09-07T17:40:58 IST" duration-ms="830" status="PASS">
          <reporter-output>
          </reporter-output>
        </test-method> <!-- tearDown -->
        <test-method is-config="true" signature="tearDownSuite()[pri:0, instance:tests.LoginTest@1750fbeb]" started-at="2025-09-07T17:40:58 IST" name="tearDownSuite" finished-at="2025-09-07T17:40:58 IST" duration-ms="1" status="PASS">
          <reporter-output>
          </reporter-output>
        </test-method> <!-- tearDownSuite -->
      </class> <!-- tests.LoginTest -->
    </test> <!-- Test -->
  </suite> <!-- Suite -->
</testng-results>
