<?xml version="1.0" encoding="UTF-8"?>
<testng-results ignored="0" total="11" passed="11" failed="0" skipped="0">
  <reporter-output>
  </reporter-output>
  <suite started-at="2025-09-07T18:33:16 IST" name="Suite" finished-at="2025-09-07T18:34:51 IST" duration-ms="95227">
    <groups>
    </groups>
    <test started-at="2025-09-07T18:33:16 IST" name="Test" finished-at="2025-09-07T18:34:51 IST" duration-ms="95227">
      <class name="tests.LoginTest">
        <test-method is-config="true" signature="setUp()[pri:0, instance:tests.LoginTest@1750fbeb]" started-at="2025-09-07T18:33:16 IST" name="setUp" finished-at="2025-09-07T18:33:58 IST" duration-ms="41777" status="PASS">
          <reporter-output>
          </reporter-output>
        </test-method> <!-- setUp -->
        <test-method is-config="true" signature="setupTest()[pri:0, instance:tests.LoginTest@1750fbeb]" started-at="2025-09-07T18:33:58 IST" name="setupTest" finished-at="2025-09-07T18:33:58 IST" duration-ms="7" status="PASS">
          <reporter-output>
          </reporter-output>
        </test-method> <!-- setupTest -->
        <test-method signature="verifyCorrectUrlOpened()[pri:0, instance:tests.LoginTest@1750fbeb]" started-at="2025-09-07T18:33:58 IST" name="verifyCorrectUrlOpened" finished-at="2025-09-07T18:33:58 IST" duration-ms="24" status="PASS">
          <reporter-output>
          </reporter-output>
        </test-method> <!-- verifyCorrectUrlOpened -->
        <test-method signature="verifyLogin()[pri:1, instance:tests.LoginTest@1750fbeb]" started-at="2025-09-07T18:33:58 IST" name="verifyLogin" finished-at="2025-09-07T18:34:06 IST" duration-ms="7587" status="PASS">
          <reporter-output>
          </reporter-output>
        </test-method> <!-- verifyLogin -->
        <test-method signature="verifyProductAddAndQuantity()[pri:0, instance:tests.LoginTest@1750fbeb]" started-at="2025-09-07T18:34:06 IST" name="verifyProductAddAndQuantity" finished-at="2025-09-07T18:34:16 IST" depends-on-methods="tests.LoginTest.verifyLogin" duration-ms="10355" status="PASS">
          <reporter-output>
          </reporter-output>
        </test-method> <!-- verifyProductAddAndQuantity -->
        <test-method signature="verifyCartClosedAndOrdersVisible()[pri:0, instance:tests.LoginTest@1750fbeb]" started-at="2025-09-07T18:34:16 IST" name="verifyCartClosedAndOrdersVisible" finished-at="2025-09-07T18:34:18 IST" depends-on-methods="tests.LoginTest.verifyProductAddAndQuantity" duration-ms="2101" status="PASS">
          <reporter-output>
          </reporter-output>
        </test-method> <!-- verifyCartClosedAndOrdersVisible -->
        <test-method signature="verifyAddiPhone12Pro()[pri:0, instance:tests.LoginTest@1750fbeb]" started-at="2025-09-07T18:34:19 IST" name="verifyAddiPhone12Pro" finished-at="2025-09-07T18:34:24 IST" depends-on-methods="tests.LoginTest.verifyCartClosedAndOrdersVisible" duration-ms="5142" status="PASS">
          <reporter-output>
          </reporter-output>
        </test-method> <!-- verifyAddiPhone12Pro -->
        <test-method signature="verifyCheckout()[pri:3, instance:tests.LoginTest@1750fbeb]" started-at="2025-09-07T18:34:24 IST" name="verifyCheckout" finished-at="2025-09-07T18:34:27 IST" duration-ms="3114" status="PASS">
          <reporter-output>
          </reporter-output>
        </test-method> <!-- verifyCheckout -->
        <test-method signature="verifyAddressPositive()[pri:4, instance:tests.LoginTest@1750fbeb]" started-at="2025-09-07T18:34:27 IST" name="verifyAddressPositive" finished-at="2025-09-07T18:34:40 IST" duration-ms="13023" status="PASS">
          <reporter-output>
          </reporter-output>
        </test-method> <!-- verifyAddressPositive -->
        <test-method signature="verifyReceiptAndContinue()[pri:5, instance:tests.LoginTest@1750fbeb]" started-at="2025-09-07T18:34:40 IST" name="verifyReceiptAndContinue" finished-at="2025-09-07T18:34:43 IST" duration-ms="3226" status="PASS">
          <reporter-output>
          </reporter-output>
        </test-method> <!-- verifyReceiptAndContinue -->
        <test-method signature="seeorder()[pri:6, instance:tests.LoginTest@1750fbeb]" started-at="2025-09-07T18:34:44 IST" name="seeorder" finished-at="2025-09-07T18:34:47 IST" duration-ms="3129" status="PASS">
          <reporter-output>
          </reporter-output>
        </test-method> <!-- seeorder -->
        <test-method signature="verifyAddToFavourites()[pri:7, instance:tests.LoginTest@1750fbeb]" started-at="2025-09-07T18:34:47 IST" name="verifyAddToFavourites" finished-at="2025-09-07T18:34:47 IST" duration-ms="365" status="PASS">
          <reporter-output>
          </reporter-output>
        </test-method> <!-- verifyAddToFavourites -->
        <test-method signature="verifyLogout()[pri:8, instance:tests.LoginTest@1750fbeb]" started-at="2025-09-07T18:34:47 IST" name="verifyLogout" finished-at="2025-09-07T18:34:50 IST" duration-ms="3126" status="PASS">
          <reporter-output>
          </reporter-output>
        </test-method> <!-- verifyLogout -->
        <test-method is-config="true" signature="tearDown()[pri:0, instance:tests.LoginTest@1750fbeb]" started-at="2025-09-07T18:34:51 IST" name="tearDown" finished-at="2025-09-07T18:34:51 IST" duration-ms="347" status="PASS">
          <reporter-output>
          </reporter-output>
        </test-method> <!-- tearDown -->
        <test-method is-config="true" signature="tearDownSuite()[pri:0, instance:tests.LoginTest@1750fbeb]" started-at="2025-09-07T18:34:51 IST" name="tearDownSuite" finished-at="2025-09-07T18:34:51 IST" duration-ms="1" status="PASS">
          <reporter-output>
          </reporter-output>
        </test-method> <!-- tearDownSuite -->
      </class> <!-- tests.LoginTest -->
    </test> <!-- Test -->
  </suite> <!-- Suite -->
</testng-results>
